Vivado Simulator 2020.2
Copyright 1986-1999, 2001-2020 Xilinx, Inc. All Rights Reserved.
Running: C:/APPZ/Xilinx/Vivado/2020.2/bin/unwrapped/win64.o/xelab.exe -wto c59c0cd9689a40ba8e90a184475e4b09 --incr --debug typical --relax --mt 2 -L xil_defaultlib -L secureip --snapshot tb_top_behav xil_defaultlib.tb_top -log elaborate.log 
Using 2 slave threads.
Starting static elaboration
Completed static elaboration
Starting simulation data flow analysis
Completed simulation data flow analysis
Time Resolution for simulation is 1ps
Compiling package std.standard
Compiling package std.textio
Compiling package ieee.std_logic_1164
Compiling package ieee.numeric_std
Compiling architecture behavioral of entity xil_defaultlib.trigger [\trigger(g_max=10000000,g_length...]
Compiling architecture behavioral of entity xil_defaultlib.cnt_up_down [\cnt_up_down(g_n_bits=21)\]
Compiling architecture behavioral of entity xil_defaultlib.driver_hc_sr04 [driver_hc_sr04_default]
Compiling architecture behavioral of entity xil_defaultlib.bargraph [bargraph_default]
Compiling architecture behavioral of entity xil_defaultlib.switch [switch_default]
Compiling architecture behavioral of entity xil_defaultlib.pwm [pwm_default]
Compiling architecture behavioral of entity xil_defaultlib.top [top_default]
Compiling architecture behavioral of entity xil_defaultlib.tb_top
Built simulation snapshot tb_top_behav
